<?xml version="1.0" encoding="UTF-8"?>
<!-- Generated by org.testng.reporters.JUnitXMLReporter -->
<testsuite ignored="0" hostname="DESKTOP-392CL3Q" failures="0" tests="2" name="homepage" time="0.139" errors="0" timestamp="2022-06-28T15:53:51 TRT">
  <testcase classname="Academy.validateTitle" name="@BeforeTest initialize" time="0.009">
    <failure type="java.lang.NullPointerException" message="Cannot invoke &amp;quot;String.equals(Object)&amp;quot; because &amp;quot;browserName&amp;quot; is null">
      <![CDATA[java.lang.NullPointerException: Cannot invoke "String.equals(Object)" because "browserName" is null
at resources.base.initializeDriver(base.java:33)
at Academy.validateTitle.initialize(validateTitle.java:24)
at java.base/java.util.concurrent.FutureTask.run(FutureTask.java:264)
at java.base/java.util.concurrent.ThreadPoolExecutor.runWorker(ThreadPoolExecutor.java:1136)
at java.base/java.util.concurrent.ThreadPoolExecutor$Worker.run(ThreadPoolExecutor.java:635)
at java.base/java.lang.Thread.run(Thread.java:833)
... Removed 15 stack frames]]>
    </failure>
  </testcase> <!-- @BeforeTest initialize -->
  <testcase classname="Academy.homepage" name="@BeforeTest initialize" time="0.001">
    <failure type="java.lang.NullPointerException" message="Cannot invoke &amp;quot;String.equals(Object)&amp;quot; because &amp;quot;browserName&amp;quot; is null">
      <![CDATA[java.lang.NullPointerException: Cannot invoke "String.equals(Object)" because "browserName" is null
at resources.base.initializeDriver(base.java:33)
at Academy.homepage.initialize(homepage.java:24)
at java.base/java.util.concurrent.FutureTask.run(FutureTask.java:264)
at java.base/java.util.concurrent.ThreadPoolExecutor.runWorker(ThreadPoolExecutor.java:1136)
at java.base/java.util.concurrent.ThreadPoolExecutor$Worker.run(ThreadPoolExecutor.java:635)
at java.base/java.lang.Thread.run(Thread.java:833)
... Removed 15 stack frames]]>
    </failure>
  </testcase> <!-- @BeforeTest initialize -->
  <testcase classname="Academy.homepage" name="@AfterTest destroyIt" time="-1.65642083103E9">
    <skipped/>
  </testcase> <!-- @AfterTest destroyIt -->
  <testcase classname="Academy.validateTitle" name="@AfterTest destroyIt" time="-1.656420831038E9">
    <skipped/>
  </testcase> <!-- @AfterTest destroyIt -->
  <testcase classname="Academy.homepage" name="BasePageNavigation" time="0.0">
    <skipped/>
  </testcase> <!-- BasePageNavigation -->
  <testcase classname="Academy.homepage" name="BasePageNavigation" time="0.0">
    <skipped/>
  </testcase> <!-- BasePageNavigation -->
</testsuite> <!-- homepage -->
