<?xml version="1.0" encoding="UTF-8"?>
<!-- Generated by org.testng.reporters.JUnitXMLReporter -->
<testsuite ignored="0" hostname="DESKTOP-392CL3Q" failures="0" tests="3" name="Test" time="73.133" errors="0" timestamp="2022-06-12T11:11:10 TRT">
  <testcase classname="Academy.homepage" name="BasePageNavigation" time="26.916"/>
  <testcase classname="Academy.homepage" name="BasePageNavigation" time="23.449"/>
  <testcase classname="Academy.validateTitle" name="BasePageNavigation" time="22.716"/>
</testsuite> <!-- Test -->
